[orch] batch/20260420T010313: starting batch planning
[orch] batch/20260420T010313: created orch branch (orchBranch=orch/u0-a165-20260420T010313 baseBranch=trunk)
[orch] state/20260420T010313: persisted: batch-start (phase=executing waveIndex=-1)
[orch] batch/20260420T010313: Runtime V2 backend selected
[orch] state/20260420T010313: persisted: wave-index-change (phase=executing waveIndex=0)
[orch] wave/W1: starting wave execution (tasks=2 policy=skip-dependents batchId=20260420T010313)
[orch] state/20260420T010313: persisted: segment-start (phase=executing waveIndex=0)
[orch] wave/W1: lanes allocated (laneCount=2 totalTasks=2)
[orch] wave/W1: using Runtime V2 backend (executeLaneV2)
[orch] lane-1/LANE: starting Runtime V2 execution of 1 task(s) (worktree=/data/data/com.termux/files/home/Workspace/smith/.worktrees/u0-a165-20260420T010313/lane-1 agentPrefix=orch-u0-a165)
[orch] lane-2/LANE: starting Runtime V2 execution of 1 task(s) (worktree=/data/data/com.termux/files/home/Workspace/smith/.worktrees/u0-a165-20260420T010313/lane-2 agentPrefix=orch-u0-a165)
[orch] monitor/ALL: starting monitoring for 2 lane(s), 2 task(s) (pollIntervalMs=5000 stallTimeoutMin=60)
(node:9231) [DEP0190] DeprecationWarning: Passing args to a child process with shell option true can lead to security vulnerabilities, as the arguments are not escaped, only concatenated.
(Use `node --trace-deprecation ...` to show where the warning was created)
[orch] state/20260420T010313: persisted: task-transition (phase=executing waveIndex=0)
[orch] monitor/ALL: poll #1: 0/2 done, 0 failed, 2 active lane(s)
[orch] lane-1/EXAMPLE-001: committed task artifacts to lane branch (commit=[task/u0-a165-lane-1-20260420T010313 be95c82] checkpoint: EXAMPLE-001 task artifacts (.DONE, STATUS.md))
[orch] state/20260420T010313: persisted: task-transition (phase=executing waveIndex=0)
[orch] monitor/ALL: poll #14: 1/2 done, 0 failed, 1 active lane(s)
[orch] lane-2/EXAMPLE-002: committed task artifacts to lane branch (commit=[task/u0-a165-lane-2-20260420T010313 7955419] checkpoint: EXAMPLE-002 task artifacts (.DONE, STATUS.md))
[orch] state/20260420T010313: persisted: task-transition (phase=executing waveIndex=0)
[orch] monitor/ALL: poll #55: 2/2 done, 0 failed, 0 active lane(s)
[orch] monitor/ALL: all lanes terminal — monitoring complete (done=2 failed=0 total=2 polls=55)
[orch] wave/W1: wave execution complete: succeeded (succeeded=2 failed=0 skipped=0 blocked=0 elapsed=273s stoppedEarly=false)
[orch] state/20260420T010313: persisted: wave-execution-complete (phase=executing waveIndex=0)
[orch] state/20260420T010313: persisted: merge-start (phase=merging waveIndex=0)
[orch] merge-health/monitor: merge health monitor started (sessionCount=0 pollIntervalMs=120000)
[orch] merge/W1: merging across 1 repo group(s) (repos=(default) totalLanes=2)
[orch] merge/W1: merging 2 lane(s) (order=fewest-files-first lanes=1,2 skippedArtifactLanes=undefined)
[orch] merge/W1: merge worktree created (worktree=/data/data/com.termux/files/home/Workspace/smith/.worktrees/u0-a165-20260420T010313/merge tempBranch=_merge-temp-u0-a165-20260420T010313)
[orch] merge/W1: capturing verification baseline on pre-merge state (commandCount=3 commands=verify, unit, build)
[orch] merge/W1: verification baseline captured (fingerprints=3 preExistingFailures=3 storedAt=/data/data/com.termux/files/home/Workspace/smith/.pi/verification/u0-a165/baseline-b20260420T010313-w1.json)
[orch] merge/orch-u0-a165-merge-1: starting merge for lane 1 (sourceBranch=task/u0-a165-lane-1-20260420T010313 targetBranch=orch/u0-a165-20260420T010313 baseHEAD=6d5eeca8 laneHEAD=be95c82b)
[orch] merge/orch-u0-a165-merge-1: spawning merge agent via Runtime V2 (direct agent-host) (mergeWorkDir=/data/data/com.termux/files/home/Workspace/smith/.worktrees/u0-a165-20260420T010313/merge mergeRequestPath=/data/data/com.termux/files/home/Workspace/smith/.pi/merge-request-w1-lane1-u0-a165-20260420T010313.txt)
[orch] merge/orch-u0-a165-merge-1: waiting for merge result (resultPath=/data/data/com.termux/files/home/Workspace/smith/.pi/merge-result-w1-lane1-u0-a165-20260420T010313.json timeoutMs=5400000 backend=v2)
[orch] merge/orch-u0-a165-merge-1: merge result received (status=SUCCESS elapsed=22014)
[orch] merge/orch-u0-a165-merge-1: merge succeeded (mergeCommit=d707484 duration=22s)
[orch] merge/orch-u0-a165-merge-1: capturing post-merge verification fingerprints
[orch] merge/orch-u0-a165-merge-1: verification diff computed (newFailures=0 preExisting=3 fixed=0)
[orch] merge/orch-u0-a165-merge-1: orchestrator-side verification passed (preExisting=3 fixed=0)
[orch] merge/W1: transaction record persisted (file=txn-b20260420T010313-repo-default-wave-1-lane-1.json status=committed)
[orch] merge/orch-u0-a165-merge-2: starting merge for lane 2 (sourceBranch=task/u0-a165-lane-2-20260420T010313 targetBranch=orch/u0-a165-20260420T010313 baseHEAD=d707484d laneHEAD=79554199)
[orch] merge/orch-u0-a165-merge-2: spawning merge agent via Runtime V2 (direct agent-host) (mergeWorkDir=/data/data/com.termux/files/home/Workspace/smith/.worktrees/u0-a165-20260420T010313/merge mergeRequestPath=/data/data/com.termux/files/home/Workspace/smith/.pi/merge-request-w1-lane2-u0-a165-20260420T010313.txt)
[orch] merge/orch-u0-a165-merge-2: waiting for merge result (resultPath=/data/data/com.termux/files/home/Workspace/smith/.pi/merge-result-w1-lane2-u0-a165-20260420T010313.json timeoutMs=5400000 backend=v2)
[orch] merge/orch-u0-a165-merge-1: merge agent exited (V2) (exitCode=143 durationMs=22661 costUsd=0.00606243 killed=true)
[orch] merge/orch-u0-a165-merge-2: merge result received (status=SUCCESS elapsed=18018)
[orch] merge/orch-u0-a165-merge-2: merge succeeded (mergeCommit=f8ab841 duration=18s)
[orch] merge/orch-u0-a165-merge-2: capturing post-merge verification fingerprints
[orch] merge/orch-u0-a165-merge-2: verification diff computed (newFailures=0 preExisting=3 fixed=0)
[orch] merge/orch-u0-a165-merge-2: orchestrator-side verification passed (preExisting=3 fixed=0)
[orch] merge/W1: transaction record persisted (file=txn-b20260420T010313-repo-default-wave-1-lane-2.json status=committed)
[orch] merge/W1: no task artifacts to stage (0 of 6 candidates present/changed, 4 preserved from lane merge)
[orch] merge/W1: updated orch/u0-a165-20260420T010313 ref to merge result (targetBranch=orch/u0-a165-20260420T010313 commit=f8ab841c)
[orch] merge/orch-u0-a165-merge-2: merge agent exited (V2) (exitCode=143 durationMs=18978 costUsd=0.00426918 killed=true)
[orch] merge/W1: wave merge complete: succeeded (mergedLanes=2 failedLane=0 duration=43s)
[orch] merge-health/monitor: merge health monitor stopped (sessionCount=0)
[orch] state/20260420T010313: persisted: merge-complete (phase=merging waveIndex=0)
[orch] state/20260420T010313: persisted: merge-complete (phase=executing waveIndex=0)
[orch] batch/history: saved batch summary (1 entries)
[orch] batch/20260420T010313: cleaned up 2 sidecar file(s)
[orch] batch/20260420T010313: cleaning up worktrees
[orch] batch/20260420T010313: worktree cleanup: 2 removed, 0 preserved (repoId=(default))
[orch] batch/20260420T010313: warning: branch task/u0-a165-lane-1-20260420T010313 not fully merged into orch/u0-a165-20260420T010313 — retained (repoId=(default))
[orch] batch/20260420T010313: warning: branch task/u0-a165-lane-2-20260420T010313 not fully merged into orch/u0-a165-20260420T010313 — retained (repoId=(default))
[orch] state/20260420T010313: persisted: batch-terminal (phase=completed waveIndex=0)
[orch] diagnostics/20260420T010313: emitted diagnostic reports (jsonl=/data/data/com.termux/files/home/Workspace/smith/.pi/diagnostics/u0-a165-20260420T010313-events.jsonl report=/data/data/com.termux/files/home/Workspace/smith/.pi/diagnostics/u0-a165-20260420T010313-report.md taskCount=2)
[orch] state/20260420T010313: state file preserved for /orch-integrate (orchBranch=orch/u0-a165-20260420T010313)
